<?xml version="1.0" encoding="UTF-8"?>
<!-- Generated by org.testng.reporters.JUnitXMLReporter -->
<testsuite ignored="2" hostname="Dell-Inspiron-5501" failures="1" tests="1" name="Test" time="7.98" errors="0" timestamp="2023-01-12T11:20:59 IST">
  <testcase classname="testng.practice.GroupExecutionEx1" name="a" time="7.927">
    <failure type="java.lang.AssertionError" message="null">
      <![CDATA[java.lang.AssertionError: null
at testng.practice.GroupExecutionEx1.a(GroupExecutionEx1.java:33)
at java.base/java.util.ArrayList.forEach(ArrayList.java:1511)
... Removed 29 stack frames]]>
    </failure>
  </testcase> <!-- a -->
  <testcase classname="testng.practice.GroupExecutionEx1" name="b" time="0.0">
    <ignored/>
  </testcase> <!-- b -->
  <testcase classname="testng.practice.GroupExecutionEx1" name="c" time="0.0">
    <ignored/>
  </testcase> <!-- c -->
</testsuite> <!-- Test -->
