<?xml version="1.0" encoding="UTF-8"?>
<!-- Generated by org.testng.reporters.JUnitXMLReporter -->
<testsuite ignored="0" hostname="Dell-Inspiron-5501" failures="0" tests="6" name="Test1" time="9.663" errors="0" timestamp="2023-01-11T12:34:30 IST">
  <testcase classname="testng.practice.GroupExecutionEx1" name="a" time="5.336"/>
  <testcase classname="testng.practice.GroupExecutionEx1" name="b" time="0.002"/>
  <testcase classname="testng.practice.GroupExecutionEx1" name="c" time="0.172"/>
  <testcase classname="testng.practice.GroupExecutionEx2" name="d" time="3.914"/>
  <testcase classname="testng.practice.GroupExecutionEx2" name="e" time="0.0"/>
  <testcase classname="testng.practice.GroupExecutionEx2" name="f" time="0.17"/>
</testsuite> <!-- Test1 -->
